This is e-pTeX, Version 3.14159265-p3.7.1-161114-2.6 (utf8.euc) (TeX Live 2017) (preloaded format=platex 2017.8.10)  7 JAN 2019 13:44
entering extended mode
 restricted \write18 enabled.
 Source specials enabled.
 %&-line parsing enabled.
**abstract.tex
(./abstract.tex
pLaTeX2e <2017/07/29> (based on LaTeX2e <2017-04-15>)
Babel <3.12> and hyphenation patterns for 84 language(s) loaded.

! LaTeX Error: Environment abstract undefined.

See the LaTeX manual or LaTeX Companion for explanation.
Type  H <return>  for immediate help.
 ...                                              
                                                  
l.1 \begin{abstract}
                    
Your command was ignored.
Type  I <command> <return>  to replace it with another command,
or  <return>  to continue without it.


! LaTeX Error: Missing \begin{document}.

See the LaTeX manual or LaTeX Companion for explanation.
Type  H <return>  for immediate help.
 ...                                              
                                                  
l.2  半
       導体レーザーは世の中で広く用いられている発光デバイスである。小型、高...
You're in trouble here.  Try typing  <return>  to proceed.
If that doesn't work, type  X <return>  to quit.


Overfull \hbox (29.62216pt too wide) in paragraph at lines 2--3
[][]\JY1/mc/m/n/10 半
 []


Overfull \hbox (9.62216pt too wide) in paragraph at lines 2--3
\JY1/mc/m/n/10 導
 []


Overfull \hbox (9.62216pt too wide) in paragraph at lines 2--3
\JY1/mc/m/n/10 体
 []


Overfull \hbox (18.74432pt too wide) in paragraph at lines 2--3
\JY1/mc/m/n/10 レ ー
 []


Overfull \hbox (18.74432pt too wide) in paragraph at lines 2--3
\JY1/mc/m/n/10 ザ ー
 []


Overfull \hbox (9.62216pt too wide) in paragraph at lines 2--3
\JY1/mc/m/n/10 は
 []


Overfull \hbox (9.62216pt too wide) in paragraph at lines 2--3
\JY1/mc/m/n/10 世
 []


Overfull \hbox (9.62216pt too wide) in paragraph at lines 2--3
\JY1/mc/m/n/10 の
 []


Overfull \hbox (9.62216pt too wide) in paragraph at lines 2--3
\JY1/mc/m/n/10 中
 []


Overfull \hbox (9.62216pt too wide) in paragraph at lines 2--3
\JY1/mc/m/n/10 で
 []


Overfull \hbox (9.62216pt too wide) in paragraph at lines 2--3
\JY1/mc/m/n/10 広
 []


Overfull \hbox (9.62216pt too wide) in paragraph at lines 2--3
\JY1/mc/m/n/10 く
 []


Overfull \hbox (9.62216pt too wide) in paragraph at lines 2--3
\JY1/mc/m/n/10 用
 []


Overfull \hbox (9.62216pt too wide) in paragraph at lines 2--3
\JY1/mc/m/n/10 い
 []


Overfull \hbox (9.62216pt too wide) in paragraph at lines 2--3
\JY1/mc/m/n/10 ら
 []


Overfull \hbox (9.62216pt too wide) in paragraph at lines 2--3
\JY1/mc/m/n/10 れ
 []


Overfull \hbox (9.62216pt too wide) in paragraph at lines 2--3
\JY1/mc/m/n/10 て
 []


Overfull \hbox (9.62216pt too wide) in paragraph at lines 2--3
\JY1/mc/m/n/10 い
 []


Overfull \hbox (9.62216pt too wide) in paragraph at lines 2--3
\JY1/mc/m/n/10 る
 []


Overfull \hbox (9.62216pt too wide) in paragraph at lines 2--3
\JY1/mc/m/n/10 発
 []


Overfull \hbox (9.62216pt too wide) in paragraph at lines 2--3
\JY1/mc/m/n/10 光
 []


Overfull \hbox (9.62216pt too wide) in paragraph at lines 2--3
\JY1/mc/m/n/10 デ
 []


Overfull \hbox (9.62216pt too wide) in paragraph at lines 2--3
\JY1/mc/m/n/10 バ
 []


Overfull \hbox (9.62216pt too wide) in paragraph at lines 2--3
\JY1/mc/m/n/10 イ
 []


Overfull \hbox (9.62216pt too wide) in paragraph at lines 2--3
\JY1/mc/m/n/10 ス
 []


Overfull \hbox (9.62216pt too wide) in paragraph at lines 2--3
\JY1/mc/m/n/10 で
 []


Overfull \hbox (9.62216pt too wide) in paragraph at lines 2--3
\JY1/mc/m/n/10 あ
 []


Overfull \hbox (14.1623pt too wide) in paragraph at lines 2--3
\JY1/mc/m/n/10 る 。
 []


Overfull \hbox (9.62216pt too wide) in paragraph at lines 2--3
\JY1/mc/m/n/10 小
 []


Overfull \hbox (14.1623pt too wide) in paragraph at lines 2--3
\JY1/mc/m/n/10 型 、
 []


Overfull \hbox (9.62216pt too wide) in paragraph at lines 2--3
\JY1/mc/m/n/10 高
 []


Overfull \hbox (9.62216pt too wide) in paragraph at lines 2--3
\JY1/mc/m/n/10 安
 []


Overfull \hbox (9.62216pt too wide) in paragraph at lines 2--3
\JY1/mc/m/n/10 定
 []


Overfull \hbox (9.62216pt too wide) in paragraph at lines 2--3
\JY1/mc/m/n/10 な
 []


Overfull \hbox (9.62216pt too wide) in paragraph at lines 2--3
\JY1/mc/m/n/10 ど
 []


Overfull \hbox (9.62216pt too wide) in paragraph at lines 2--3
\JY1/mc/m/n/10 の
 []


Overfull \hbox (9.62216pt too wide) in paragraph at lines 2--3
\JY1/mc/m/n/10 利
 []


Overfull \hbox (9.62216pt too wide) in paragraph at lines 2--3
\JY1/mc/m/n/10 点
 []


Overfull \hbox (9.62216pt too wide) in paragraph at lines 2--3
\JY1/mc/m/n/10 を
 []


Overfull \hbox (9.62216pt too wide) in paragraph at lines 2--3
\JY1/mc/m/n/10 有
 []


Overfull \hbox (9.62216pt too wide) in paragraph at lines 2--3
\JY1/mc/m/n/10 し
 []


Overfull \hbox (9.62216pt too wide) in paragraph at lines 2--3
\JY1/mc/m/n/10 非
 []


Overfull \hbox (9.62216pt too wide) in paragraph at lines 2--3
\JY1/mc/m/n/10 常
 []


Overfull \hbox (9.62216pt too wide) in paragraph at lines 2--3
\JY1/mc/m/n/10 に
 []


Overfull \hbox (9.62216pt too wide) in paragraph at lines 2--3
\JY1/mc/m/n/10 扱
 []


Overfull \hbox (9.62216pt too wide) in paragraph at lines 2--3
\JY1/mc/m/n/10 い
 []


Overfull \hbox (9.62216pt too wide) in paragraph at lines 2--3
\JY1/mc/m/n/10 が
 []


Overfull \hbox (9.62216pt too wide) in paragraph at lines 2--3
\JY1/mc/m/n/10 容
 []


Overfull \hbox (9.62216pt too wide) in paragraph at lines 2--3
\JY1/mc/m/n/10 易
 []


Overfull \hbox (9.62216pt too wide) in paragraph at lines 2--3
\JY1/mc/m/n/10 で
 []


Overfull \hbox (9.62216pt too wide) in paragraph at lines 2--3
\JY1/mc/m/n/10 あ
 []


Overfull \hbox (14.1623pt too wide) in paragraph at lines 2--3
\JY1/mc/m/n/10 る 。
 []


Overfull \hbox (9.62216pt too wide) in paragraph at lines 2--3
\JY1/mc/m/n/10 そ
 []


Overfull \hbox (9.62216pt too wide) in paragraph at lines 2--3
\JY1/mc/m/n/10 の
 []


Overfull \hbox (9.62216pt too wide) in paragraph at lines 2--3
\JY1/mc/m/n/10 よ
 []


Overfull \hbox (9.62216pt too wide) in paragraph at lines 2--3
\JY1/mc/m/n/10 う
 []


Overfull \hbox (9.62216pt too wide) in paragraph at lines 2--3
\JY1/mc/m/n/10 な
 []


Overfull \hbox (9.62216pt too wide) in paragraph at lines 2--3
\JY1/mc/m/n/10 半
 []


Overfull \hbox (9.62216pt too wide) in paragraph at lines 2--3
\JY1/mc/m/n/10 導
 []


Overfull \hbox (9.62216pt too wide) in paragraph at lines 2--3
\JY1/mc/m/n/10 体
 []


Overfull \hbox (9.62216pt too wide) in paragraph at lines 2--3
\JY1/mc/m/n/10 デ
 []


Overfull \hbox (9.62216pt too wide) in paragraph at lines 2--3
\JY1/mc/m/n/10 バ
 []


Overfull \hbox (9.62216pt too wide) in paragraph at lines 2--3
\JY1/mc/m/n/10 イ
 []


Overfull \hbox (9.62216pt too wide) in paragraph at lines 2--3
\JY1/mc/m/n/10 ス
 []


Overfull \hbox (9.62216pt too wide) in paragraph at lines 2--3
\JY1/mc/m/n/10 か
 []


Overfull \hbox (9.62216pt too wide) in paragraph at lines 2--3
\JY1/mc/m/n/10 ら
 []


Overfull \hbox (9.62216pt too wide) in paragraph at lines 2--3
\JY1/mc/m/n/10 直
 []


Overfull \hbox (9.62216pt too wide) in paragraph at lines 2--3
\JY1/mc/m/n/10 接
 []


Overfull \hbox (9.50002pt too wide) in paragraph at lines 2--3
\OT1/cmr/m/n/10 ps
 []


Overfull \hbox (9.62216pt too wide) in paragraph at lines 2--3
\JY1/mc/m/n/10 程
 []


Overfull \hbox (9.62216pt too wide) in paragraph at lines 2--3
\JY1/mc/m/n/10 度
 []


Overfull \hbox (9.62216pt too wide) in paragraph at lines 2--3
\JY1/mc/m/n/10 の
 []


Overfull \hbox (9.62216pt too wide) in paragraph at lines 2--3
\JY1/mc/m/n/10 超
 []


Overfull \hbox (9.62216pt too wide) in paragraph at lines 2--3
\JY1/mc/m/n/10 短
 []


Overfull \hbox (9.62216pt too wide) in paragraph at lines 2--3
\JY1/mc/m/n/10 パ
 []


Overfull \hbox (9.62216pt too wide) in paragraph at lines 2--3
\JY1/mc/m/n/10 ル
 []


Overfull \hbox (9.62216pt too wide) in paragraph at lines 2--3
\JY1/mc/m/n/10 ス
 []


Overfull \hbox (9.62216pt too wide) in paragraph at lines 2--3
\JY1/mc/m/n/10 を
 []


Overfull \hbox (9.62216pt too wide) in paragraph at lines 2--3
\JY1/mc/m/n/10 発
 []


Overfull \hbox (9.62216pt too wide) in paragraph at lines 2--3
\JY1/mc/m/n/10 生
 []


Overfull \hbox (9.62216pt too wide) in paragraph at lines 2--3
\JY1/mc/m/n/10 さ
 []


Overfull \hbox (9.62216pt too wide) in paragraph at lines 2--3
\JY1/mc/m/n/10 せ
 []


Overfull \hbox (9.62216pt too wide) in paragraph at lines 2--3
\JY1/mc/m/n/10 る
 []


Overfull \hbox (9.62216pt too wide) in paragraph at lines 2--3
\JY1/mc/m/n/10 こ
 []


Overfull \hbox (9.62216pt too wide) in paragraph at lines 2--3
\JY1/mc/m/n/10 と
 []


Overfull \hbox (14.1623pt too wide) in paragraph at lines 2--3
\JY1/mc/m/n/10 は 、
 []


Overfull \hbox (9.62216pt too wide) in paragraph at lines 2--3
\JY1/mc/m/n/10 超
 []


Overfull \hbox (9.62216pt too wide) in paragraph at lines 2--3
\JY1/mc/m/n/10 短
 []


Overfull \hbox (9.62216pt too wide) in paragraph at lines 2--3
\JY1/mc/m/n/10 パ
 []


Overfull \hbox (9.62216pt too wide) in paragraph at lines 2--3
\JY1/mc/m/n/10 ル
 []


Overfull \hbox (9.62216pt too wide) in paragraph at lines 2--3
\JY1/mc/m/n/10 ス
 []


Overfull \hbox (9.62216pt too wide) in paragraph at lines 2--3
\JY1/mc/m/n/10 を
 []


Overfull \hbox (9.62216pt too wide) in paragraph at lines 2--3
\JY1/mc/m/n/10 用
 []


Overfull \hbox (9.62216pt too wide) in paragraph at lines 2--3
\JY1/mc/m/n/10 い
 []


Overfull \hbox (9.62216pt too wide) in paragraph at lines 2--3
\JY1/mc/m/n/10 た
 []


Overfull \hbox (17.0965pt too wide) in paragraph at lines 2--3
\JY1/mc/m/n/10 様 々
 []


Overfull \hbox (9.62216pt too wide) in paragraph at lines 2--3
\JY1/mc/m/n/10 な
 []


Overfull \hbox (9.62216pt too wide) in paragraph at lines 2--3
\JY1/mc/m/n/10 基
 []


Overfull \hbox (9.62216pt too wide) in paragraph at lines 2--3
\JY1/mc/m/n/10 礎
 []


Overfull \hbox (9.62216pt too wide) in paragraph at lines 2--3
\JY1/mc/m/n/10 研
 []


Overfull \hbox (9.62216pt too wide) in paragraph at lines 2--3
\JY1/mc/m/n/10 究
 []


Overfull \hbox (9.62216pt too wide) in paragraph at lines 2--3
\JY1/mc/m/n/10 の
 []


Overfull \hbox (9.62216pt too wide) in paragraph at lines 2--3
\JY1/mc/m/n/10 成
 []


Overfull \hbox (9.62216pt too wide) in paragraph at lines 2--3
\JY1/mc/m/n/10 果
 []


Overfull \hbox (9.62216pt too wide) in paragraph at lines 2--3
\JY1/mc/m/n/10 を
 []


Overfull \hbox (9.62216pt too wide) in paragraph at lines 2--3
\JY1/mc/m/n/10 技
 []


Overfull \hbox (9.62216pt too wide) in paragraph at lines 2--3
\JY1/mc/m/n/10 術
 []


Overfull \hbox (9.62216pt too wide) in paragraph at lines 2--3
\JY1/mc/m/n/10 的
 []


Overfull \hbox (9.62216pt too wide) in paragraph at lines 2--3
\JY1/mc/m/n/10 に
 []


Overfull \hbox (9.62216pt too wide) in paragraph at lines 2--3
\JY1/mc/m/n/10 応
 []


Overfull \hbox (9.62216pt too wide) in paragraph at lines 2--3
\JY1/mc/m/n/10 用
 []


Overfull \hbox (9.62216pt too wide) in paragraph at lines 2--3
\JY1/mc/m/n/10 す
 []


Overfull \hbox (9.62216pt too wide) in paragraph at lines 2--3
\JY1/mc/m/n/10 る
 []


Overfull \hbox (9.62216pt too wide) in paragraph at lines 2--3
\JY1/mc/m/n/10 足
 []


Overfull \hbox (9.62216pt too wide) in paragraph at lines 2--3
\JY1/mc/m/n/10 が
 []


Overfull \hbox (9.62216pt too wide) in paragraph at lines 2--3
\JY1/mc/m/n/10 か
 []


Overfull \hbox (9.62216pt too wide) in paragraph at lines 2--3
\JY1/mc/m/n/10 り
 []


Overfull \hbox (9.62216pt too wide) in paragraph at lines 2--3
\JY1/mc/m/n/10 と
 []


Overfull \hbox (9.62216pt too wide) in paragraph at lines 2--3
\JY1/mc/m/n/10 な
 []


Overfull \hbox (9.62216pt too wide) in paragraph at lines 2--3
\JY1/mc/m/n/10 り
 []


Overfull \hbox (9.62216pt too wide) in paragraph at lines 2--3
\JY1/mc/m/n/10 得
 []


Overfull \hbox (14.1623pt too wide) in paragraph at lines 2--3
\JY1/mc/m/n/10 る 。 
 []


! LaTeX Error: The font size command \normalsize is not defined:
               there is probably something wrong with the class file.

See the LaTeX manual or LaTeX Companion for explanation.
Type  H <return>  for immediate help.
 ...                                              
                                                  
l.3 
    
Your command was ignored.
Type  I <command> <return>  to replace it with another command,
or  <return>  to continue without it.

[1]

! LaTeX Error: Missing \begin{document}.

See the LaTeX manual or LaTeX Companion for explanation.
Type  H <return>  for immediate help.
 ...                                              
                                                  
l.4  半
       導体から超短パルス光を得る手法として利得スイッチングを取り上げる。
You're in trouble here.  Try typing  <return>  to proceed.
If that doesn't work, type  X <return>  to quit.


Overfull \hbox (29.62216pt too wide) in paragraph at lines 4--7
[][]\JY1/mc/m/n/10 半
 []


Overfull \hbox (9.62216pt too wide) in paragraph at lines 4--7
\JY1/mc/m/n/10 導
 []


Overfull \hbox (9.62216pt too wide) in paragraph at lines 4--7
\JY1/mc/m/n/10 体
 []


Overfull \hbox (9.62216pt too wide) in paragraph at lines 4--7
\JY1/mc/m/n/10 か
 []


Overfull \hbox (9.62216pt too wide) in paragraph at lines 4--7
\JY1/mc/m/n/10 ら
 []


Overfull \hbox (9.62216pt too wide) in paragraph at lines 4--7
\JY1/mc/m/n/10 超
 []


Overfull \hbox (9.62216pt too wide) in paragraph at lines 4--7
\JY1/mc/m/n/10 短
 []


Overfull \hbox (9.62216pt too wide) in paragraph at lines 4--7
\JY1/mc/m/n/10 パ
 []


Overfull \hbox (9.62216pt too wide) in paragraph at lines 4--7
\JY1/mc/m/n/10 ル
 []


Overfull \hbox (9.62216pt too wide) in paragraph at lines 4--7
\JY1/mc/m/n/10 ス
 []


Overfull \hbox (9.62216pt too wide) in paragraph at lines 4--7
\JY1/mc/m/n/10 光
 []


Overfull \hbox (9.62216pt too wide) in paragraph at lines 4--7
\JY1/mc/m/n/10 を
 []


Overfull \hbox (9.62216pt too wide) in paragraph at lines 4--7
\JY1/mc/m/n/10 得
 []


Overfull \hbox (9.62216pt too wide) in paragraph at lines 4--7
\JY1/mc/m/n/10 る
 []


Overfull \hbox (9.62216pt too wide) in paragraph at lines 4--7
\JY1/mc/m/n/10 手
 []


Overfull \hbox (9.62216pt too wide) in paragraph at lines 4--7
\JY1/mc/m/n/10 法
 []


Overfull \hbox (9.62216pt too wide) in paragraph at lines 4--7
\JY1/mc/m/n/10 と
 []


Overfull \hbox (9.62216pt too wide) in paragraph at lines 4--7
\JY1/mc/m/n/10 し
 []


Overfull \hbox (9.62216pt too wide) in paragraph at lines 4--7
\JY1/mc/m/n/10 て
 []


Overfull \hbox (9.62216pt too wide) in paragraph at lines 4--7
\JY1/mc/m/n/10 利
 []


Overfull \hbox (9.62216pt too wide) in paragraph at lines 4--7
\JY1/mc/m/n/10 得
 []


Overfull \hbox (9.62216pt too wide) in paragraph at lines 4--7
\JY1/mc/m/n/10 ス
 []


Overfull \hbox (9.62216pt too wide) in paragraph at lines 4--7
\JY1/mc/m/n/10 イ
 []


Overfull \hbox (7.47433pt too wide) in paragraph at lines 4--7
\JY1/mc/m/n/10 ッ
 []


Overfull \hbox (9.62216pt too wide) in paragraph at lines 4--7
\JY1/mc/m/n/10 チ
 []


Overfull \hbox (9.62216pt too wide) in paragraph at lines 4--7
\JY1/mc/m/n/10 ン
 []


Overfull \hbox (9.62216pt too wide) in paragraph at lines 4--7
\JY1/mc/m/n/10 グ
 []


Overfull \hbox (9.62216pt too wide) in paragraph at lines 4--7
\JY1/mc/m/n/10 を
 []


Overfull \hbox (9.62216pt too wide) in paragraph at lines 4--7
\JY1/mc/m/n/10 取
 []


Overfull \hbox (9.62216pt too wide) in paragraph at lines 4--7
\JY1/mc/m/n/10 り
 []


Overfull \hbox (9.62216pt too wide) in paragraph at lines 4--7
\JY1/mc/m/n/10 上
 []


Overfull \hbox (9.62216pt too wide) in paragraph at lines 4--7
\JY1/mc/m/n/10 げ
 []


Overfull \hbox (14.1623pt too wide) in paragraph at lines 4--7
\JY1/mc/m/n/10 る 。
 []


Overfull \hbox (9.62216pt too wide) in paragraph at lines 4--7
\JY1/mc/m/n/10 利
 []


Overfull \hbox (9.62216pt too wide) in paragraph at lines 4--7
\JY1/mc/m/n/10 得
 []


Overfull \hbox (9.62216pt too wide) in paragraph at lines 4--7
\JY1/mc/m/n/10 ス
 []


Overfull \hbox (9.62216pt too wide) in paragraph at lines 4--7
\JY1/mc/m/n/10 イ
 []


Overfull \hbox (7.47433pt too wide) in paragraph at lines 4--7
\JY1/mc/m/n/10 ッ
 []


Overfull \hbox (9.62216pt too wide) in paragraph at lines 4--7
\JY1/mc/m/n/10 チ
 []


Overfull \hbox (9.62216pt too wide) in paragraph at lines 4--7
\JY1/mc/m/n/10 ン
 []


Overfull \hbox (9.62216pt too wide) in paragraph at lines 4--7
\JY1/mc/m/n/10 グ
 []


Overfull \hbox (9.62216pt too wide) in paragraph at lines 4--7
\JY1/mc/m/n/10 は
 []


Overfull \hbox (9.50002pt too wide) in paragraph at lines 4--7
\OT1/cmr/m/n/10 ns
 []


Overfull \hbox (9.62216pt too wide) in paragraph at lines 4--7
\JY1/mc/m/n/10 程
 []


Overfull \hbox (9.62216pt too wide) in paragraph at lines 4--7
\JY1/mc/m/n/10 度
 []


Overfull \hbox (9.62216pt too wide) in paragraph at lines 4--7
\JY1/mc/m/n/10 の
 []


Overfull \hbox (9.62216pt too wide) in paragraph at lines 4--7
\JY1/mc/m/n/10 短
 []


Overfull \hbox (9.62216pt too wide) in paragraph at lines 4--7
\JY1/mc/m/n/10 い
 []


Overfull \hbox (9.62216pt too wide) in paragraph at lines 4--7
\JY1/mc/m/n/10 電
 []


Overfull \hbox (9.62216pt too wide) in paragraph at lines 4--7
\JY1/mc/m/n/10 気
 []


Overfull \hbox (9.62216pt too wide) in paragraph at lines 4--7
\JY1/mc/m/n/10 パ
 []


Overfull \hbox (9.62216pt too wide) in paragraph at lines 4--7
\JY1/mc/m/n/10 ル
 []


Overfull \hbox (9.62216pt too wide) in paragraph at lines 4--7
\JY1/mc/m/n/10 ス
 []


Overfull \hbox (9.62216pt too wide) in paragraph at lines 4--7
\JY1/mc/m/n/10 を
 []


Overfull \hbox (9.62216pt too wide) in paragraph at lines 4--7
\JY1/mc/m/n/10 注
 []


Overfull \hbox (9.62216pt too wide) in paragraph at lines 4--7
\JY1/mc/m/n/10 入
 []


Overfull \hbox (9.62216pt too wide) in paragraph at lines 4--7
\JY1/mc/m/n/10 す
 []


Overfull \hbox (9.62216pt too wide) in paragraph at lines 4--7
\JY1/mc/m/n/10 る
 []


Overfull \hbox (9.62216pt too wide) in paragraph at lines 4--7
\JY1/mc/m/n/10 こ
 []


Overfull \hbox (9.62216pt too wide) in paragraph at lines 4--7
\JY1/mc/m/n/10 と
 []


Overfull \hbox (9.62216pt too wide) in paragraph at lines 4--7
\JY1/mc/m/n/10 そ
 []


Overfull \hbox (9.62216pt too wide) in paragraph at lines 4--7
\JY1/mc/m/n/10 れ
 []


Overfull \hbox (9.62216pt too wide) in paragraph at lines 4--7
\JY1/mc/m/n/10 よ
 []


Overfull \hbox (9.62216pt too wide) in paragraph at lines 4--7
\JY1/mc/m/n/10 り
 []


Overfull \hbox (9.62216pt too wide) in paragraph at lines 4--7
\JY1/mc/m/n/10 短
 []


Overfull \hbox (9.62216pt too wide) in paragraph at lines 4--7
\JY1/mc/m/n/10 い
 []


Overfull \hbox (9.62216pt too wide) in paragraph at lines 4--7
\JY1/mc/m/n/10 数
 []


Overfull \hbox (9.62216pt too wide) in paragraph at lines 4--7
\JY1/mc/m/n/10 十
 []


Overfull \hbox (9.50002pt too wide) in paragraph at lines 4--7
\OT1/cmr/m/n/10 ps
 []


Overfull \hbox (9.62216pt too wide) in paragraph at lines 4--7
\JY1/mc/m/n/10 の
 []


Overfull \hbox (9.62216pt too wide) in paragraph at lines 4--7
\JY1/mc/m/n/10 光
 []


Overfull \hbox (9.62216pt too wide) in paragraph at lines 4--7
\JY1/mc/m/n/10 パ
 []


Overfull \hbox (9.62216pt too wide) in paragraph at lines 4--7
\JY1/mc/m/n/10 ル
 []


Overfull \hbox (9.62216pt too wide) in paragraph at lines 4--7
\JY1/mc/m/n/10 ス
 []


Overfull \hbox (9.62216pt too wide) in paragraph at lines 4--7
\JY1/mc/m/n/10 を
 []


Overfull \hbox (9.62216pt too wide) in paragraph at lines 4--7
\JY1/mc/m/n/10 得
 []


Overfull \hbox (9.62216pt too wide) in paragraph at lines 4--7
\JY1/mc/m/n/10 る
 []


Overfull \hbox (9.62216pt too wide) in paragraph at lines 4--7
\JY1/mc/m/n/10 技
 []


Overfull \hbox (9.62216pt too wide) in paragraph at lines 4--7
\JY1/mc/m/n/10 術
 []


Overfull \hbox (9.62216pt too wide) in paragraph at lines 4--7
\JY1/mc/m/n/10 で
 []


Overfull \hbox (9.62216pt too wide) in paragraph at lines 4--7
\JY1/mc/m/n/10 あ
 []


Overfull \hbox (14.1623pt too wide) in paragraph at lines 4--7
\JY1/mc/m/n/10 る 。
 []


Overfull \hbox (9.62216pt too wide) in paragraph at lines 4--7
\JY1/mc/m/n/10 電
 []


Overfull \hbox (9.62216pt too wide) in paragraph at lines 4--7
\JY1/mc/m/n/10 流
 []


Overfull \hbox (9.62216pt too wide) in paragraph at lines 4--7
\JY1/mc/m/n/10 に
 []


Overfull \hbox (9.62216pt too wide) in paragraph at lines 4--7
\JY1/mc/m/n/10 よ
 []


Overfull \hbox (9.62216pt too wide) in paragraph at lines 4--7
\JY1/mc/m/n/10 る
 []


Overfull \hbox (9.62216pt too wide) in paragraph at lines 4--7
\JY1/mc/m/n/10 直
 []


Overfull \hbox (9.62216pt too wide) in paragraph at lines 4--7
\JY1/mc/m/n/10 接
 []


Overfull \hbox (9.62216pt too wide) in paragraph at lines 4--7
\JY1/mc/m/n/10 変
 []


Overfull \hbox (9.62216pt too wide) in paragraph at lines 4--7
\JY1/mc/m/n/10 調
 []


Overfull \hbox (9.62216pt too wide) in paragraph at lines 4--7
\JY1/mc/m/n/10 の
 []


Overfull \hbox (9.62216pt too wide) in paragraph at lines 4--7
\JY1/mc/m/n/10 み
 []


Overfull \hbox (9.62216pt too wide) in paragraph at lines 4--7
\JY1/mc/m/n/10 で
 []


Overfull \hbox (9.62216pt too wide) in paragraph at lines 4--7
\JY1/mc/m/n/10 実
 []


Overfull \hbox (9.62216pt too wide) in paragraph at lines 4--7
\JY1/mc/m/n/10 現
 []


Overfull \hbox (9.62216pt too wide) in paragraph at lines 4--7
\JY1/mc/m/n/10 可
 []


Overfull \hbox (9.62216pt too wide) in paragraph at lines 4--7
\JY1/mc/m/n/10 能
 []


Overfull \hbox (9.62216pt too wide) in paragraph at lines 4--7
\JY1/mc/m/n/10 で
 []


Overfull \hbox (9.62216pt too wide) in paragraph at lines 4--7
\JY1/mc/m/n/10 あ
 []


Overfull \hbox (9.62216pt too wide) in paragraph at lines 4--7
\JY1/mc/m/n/10 り
 []


Overfull \hbox (9.62216pt too wide) in paragraph at lines 4--7
\JY1/mc/m/n/10 ま
 []


Overfull \hbox (9.62216pt too wide) in paragraph at lines 4--7
\JY1/mc/m/n/10 た
 []


Overfull \hbox (9.62216pt too wide) in paragraph at lines 4--7
\JY1/mc/m/n/10 複
 []


Overfull \hbox (9.62216pt too wide) in paragraph at lines 4--7
\JY1/mc/m/n/10 雑
 []


Overfull \hbox (9.62216pt too wide) in paragraph at lines 4--7
\JY1/mc/m/n/10 な
 []


Overfull \hbox (9.62216pt too wide) in paragraph at lines 4--7
\JY1/mc/m/n/10 構
 []


Overfull \hbox (9.62216pt too wide) in paragraph at lines 4--7
\JY1/mc/m/n/10 造
 []


Overfull \hbox (9.62216pt too wide) in paragraph at lines 4--7
\JY1/mc/m/n/10 を
 []


Overfull \hbox (9.62216pt too wide) in paragraph at lines 4--7
\JY1/mc/m/n/10 必
 []


Overfull \hbox (9.62216pt too wide) in paragraph at lines 4--7
\JY1/mc/m/n/10 要
 []


Overfull \hbox (9.62216pt too wide) in paragraph at lines 4--7
\JY1/mc/m/n/10 と
 []


Overfull \hbox (9.62216pt too wide) in paragraph at lines 4--7
\JY1/mc/m/n/10 し
 []


Overfull \hbox (9.62216pt too wide) in paragraph at lines 4--7
\JY1/mc/m/n/10 な
 []


Overfull \hbox (9.62216pt too wide) in paragraph at lines 4--7
\JY1/mc/m/n/10 い
 []


Overfull \hbox (9.62216pt too wide) in paragraph at lines 4--7
\JY1/mc/m/n/10 こ
 []


Overfull \hbox (9.62216pt too wide) in paragraph at lines 4--7
\JY1/mc/m/n/10 と
 []


Overfull \hbox (9.62216pt too wide) in paragraph at lines 4--7
\JY1/mc/m/n/10 か
 []


Overfull \hbox (9.62216pt too wide) in paragraph at lines 4--7
\JY1/mc/m/n/10 ら
 []


Overfull \hbox (9.62216pt too wide) in paragraph at lines 4--7
\JY1/mc/m/n/10 簡
 []


Overfull \hbox (9.62216pt too wide) in paragraph at lines 4--7
\JY1/mc/m/n/10 便
 []


Overfull \hbox (9.62216pt too wide) in paragraph at lines 4--7
\JY1/mc/m/n/10 に
 []


Overfull \hbox (9.62216pt too wide) in paragraph at lines 4--7
\JY1/mc/m/n/10 実
 []


Overfull \hbox (9.62216pt too wide) in paragraph at lines 4--7
\JY1/mc/m/n/10 現
 []


Overfull \hbox (9.62216pt too wide) in paragraph at lines 4--7
\JY1/mc/m/n/10 が
 []


Overfull \hbox (9.62216pt too wide) in paragraph at lines 4--7
\JY1/mc/m/n/10 可
 []


Overfull \hbox (9.62216pt too wide) in paragraph at lines 4--7
\JY1/mc/m/n/10 能
 []


Overfull \hbox (9.62216pt too wide) in paragraph at lines 4--7
\JY1/mc/m/n/10 な
 []


Overfull \hbox (9.62216pt too wide) in paragraph at lines 4--7
\JY1/mc/m/n/10 手
 []


Overfull \hbox (9.62216pt too wide) in paragraph at lines 4--7
\JY1/mc/m/n/10 法
 []


Overfull \hbox (9.62216pt too wide) in paragraph at lines 4--7
\JY1/mc/m/n/10 と
 []


Overfull \hbox (9.62216pt too wide) in paragraph at lines 4--7
\JY1/mc/m/n/10 い
 []


Overfull \hbox (9.62216pt too wide) in paragraph at lines 4--7
\JY1/mc/m/n/10 え
 []


Overfull \hbox (14.1623pt too wide) in paragraph at lines 4--7
\JY1/mc/m/n/10 る 。 
 []


! LaTeX Error: Missing \begin{document}.

See the LaTeX manual or LaTeX Companion for explanation.
Type  H <return>  for immediate help.
 ...                                              
                                                  
l.8  利
       得スイッチングパルスによるパルス発生に関しては古くから研究がなされて...
You're in trouble here.  Try typing  <return>  to proceed.
If that doesn't work, type  X <return>  to quit.

! Undefined control sequence.
l.8 ...光パルスの立ち上がりは半導体材料の\delspan
                                                 {利得飽和}\addspan{飽和モード
The control sequence at the end of the top line
of your error message was never \def'ed. If you have
misspelled it (e.g., `\hobx'), type `I' and the correct
spelling (e.g., `I\hbox'). Otherwise just continue,
and I'll forget about whatever was undefined.

! Undefined control sequence.
l.8 ...りは半導体材料の\delspan{利得飽和}\addspan
                                                 {飽和モード利得}が、立ち下がり
The control sequence at the end of the top line
of your error message was never \def'ed. If you have
misspelled it (e.g., `\hobx'), type `I' and the correct
spelling (e.g., `I\hbox'). Otherwise just continue,
and I'll forget about whatever was undefined.

! Undefined control sequence.
l.8 ...レーザーの共振器長を短くすることで\addspan
                                                 {短くすることができ、光パルス
The control sequence at the end of the top line
of your error message was never \def'ed. If you have
misspelled it (e.g., `\hobx'), type `I' and the correct
spelling (e.g., `I\hbox'). Otherwise just continue,
and I'll forget about whatever was undefined.

! Undefined control sequence.
l.8 ...ルスの}短パルス化が見込まれる。一方\addspan
                                                  {飽和モード利得}\delspan{...
The control sequence at the end of the top line
of your error message was never \def'ed. If you have
misspelled it (e.g., `\hobx'), type `I' and the correct
spelling (e.g., `I\hbox'). Otherwise just continue,
and I'll forget about whatever was undefined.

! Undefined control sequence.
l.8 ...れる。一方\addspan{飽和モード利得}\delspan
                                                 {利得飽和に関して}は\delspan{
The control sequence at the end of the top line
of your error message was never \def'ed. If you have
misspelled it (e.g., `\hobx'), type `I' and the correct
spelling (e.g., `I\hbox'). Otherwise just continue,
and I'll forget about whatever was undefined.

! Undefined control sequence.
l.8 ...ド利得}\delspan{利得飽和に関して}は\delspan
                                                  {レーザーデバイス設計の時...
The control sequence at the end of the top line
of your error message was never \def'ed. If you have
misspelled it (e.g., `\hobx'), type `I' and the correct
spelling (e.g., `I\hbox'). Otherwise just continue,
and I'll forget about whatever was undefined.

! Undefined control sequence.
l.8 ...数を高くすることで高い利得を実現し\addspan
                                                 {光}パルスの短パルス化を図れる
The control sequence at the end of the top line
of your error message was never \def'ed. If you have
misspelled it (e.g., `\hobx'), type `I' and the correct
spelling (e.g., `I\hbox'). Otherwise just continue,
and I'll forget about whatever was undefined.


Overfull \hbox (29.62216pt too wide) in paragraph at lines 8--9
[][]\JY1/mc/m/n/10 利
 []


Overfull \hbox (9.62216pt too wide) in paragraph at lines 8--9
\JY1/mc/m/n/10 得
 []


Overfull \hbox (9.62216pt too wide) in paragraph at lines 8--9
\JY1/mc/m/n/10 ス
 []


Overfull \hbox (9.62216pt too wide) in paragraph at lines 8--9
\JY1/mc/m/n/10 イ
 []


Overfull \hbox (7.47433pt too wide) in paragraph at lines 8--9
\JY1/mc/m/n/10 ッ
 []


Overfull \hbox (9.62216pt too wide) in paragraph at lines 8--9
\JY1/mc/m/n/10 チ
 []


Overfull \hbox (9.62216pt too wide) in paragraph at lines 8--9
\JY1/mc/m/n/10 ン
 []


Overfull \hbox (9.62216pt too wide) in paragraph at lines 8--9
\JY1/mc/m/n/10 グ
 []


Overfull \hbox (9.62216pt too wide) in paragraph at lines 8--9
\JY1/mc/m/n/10 パ
 []


Overfull \hbox (9.62216pt too wide) in paragraph at lines 8--9
\JY1/mc/m/n/10 ル
 []


Overfull \hbox (9.62216pt too wide) in paragraph at lines 8--9
\JY1/mc/m/n/10 ス
 []


Overfull \hbox (9.62216pt too wide) in paragraph at lines 8--9
\JY1/mc/m/n/10 に
 []


Overfull \hbox (9.62216pt too wide) in paragraph at lines 8--9
\JY1/mc/m/n/10 よ
 []


Overfull \hbox (9.62216pt too wide) in paragraph at lines 8--9
\JY1/mc/m/n/10 る
 []


Overfull \hbox (9.62216pt too wide) in paragraph at lines 8--9
\JY1/mc/m/n/10 パ
 []


Overfull \hbox (9.62216pt too wide) in paragraph at lines 8--9
\JY1/mc/m/n/10 ル
 []


Overfull \hbox (9.62216pt too wide) in paragraph at lines 8--9
\JY1/mc/m/n/10 ス
 []


Overfull \hbox (9.62216pt too wide) in paragraph at lines 8--9
\JY1/mc/m/n/10 発
 []


Overfull \hbox (9.62216pt too wide) in paragraph at lines 8--9
\JY1/mc/m/n/10 生
 []


Overfull \hbox (9.62216pt too wide) in paragraph at lines 8--9
\JY1/mc/m/n/10 に
 []


Overfull \hbox (9.62216pt too wide) in paragraph at lines 8--9
\JY1/mc/m/n/10 関
 []


Overfull \hbox (9.62216pt too wide) in paragraph at lines 8--9
\JY1/mc/m/n/10 し
 []


Overfull \hbox (9.62216pt too wide) in paragraph at lines 8--9
\JY1/mc/m/n/10 て
 []


Overfull \hbox (9.62216pt too wide) in paragraph at lines 8--9
\JY1/mc/m/n/10 は
 []


Overfull \hbox (9.62216pt too wide) in paragraph at lines 8--9
\JY1/mc/m/n/10 古
 []


Overfull \hbox (9.62216pt too wide) in paragraph at lines 8--9
\JY1/mc/m/n/10 く
 []


Overfull \hbox (9.62216pt too wide) in paragraph at lines 8--9
\JY1/mc/m/n/10 か
 []


Overfull \hbox (9.62216pt too wide) in paragraph at lines 8--9
\JY1/mc/m/n/10 ら
 []


Overfull \hbox (9.62216pt too wide) in paragraph at lines 8--9
\JY1/mc/m/n/10 研
 []


Overfull \hbox (9.62216pt too wide) in paragraph at lines 8--9
\JY1/mc/m/n/10 究
 []


Overfull \hbox (9.62216pt too wide) in paragraph at lines 8--9
\JY1/mc/m/n/10 が
 []


Overfull \hbox (9.62216pt too wide) in paragraph at lines 8--9
\JY1/mc/m/n/10 な
 []


Overfull \hbox (9.62216pt too wide) in paragraph at lines 8--9
\JY1/mc/m/n/10 さ
 []


Overfull \hbox (9.62216pt too wide) in paragraph at lines 8--9
\JY1/mc/m/n/10 れ
 []


Overfull \hbox (9.62216pt too wide) in paragraph at lines 8--9
\JY1/mc/m/n/10 て
 []


Overfull \hbox (9.62216pt too wide) in paragraph at lines 8--9
\JY1/mc/m/n/10 き
 []


Overfull \hbox (9.62216pt too wide) in paragraph at lines 8--9
\JY1/mc/m/n/10 て
 []


Overfull \hbox (9.62216pt too wide) in paragraph at lines 8--9
\JY1/mc/m/n/10 い
 []


Overfull \hbox (9.62216pt too wide) in paragraph at lines 8--9
\JY1/mc/m/n/10 る
 []


Overfull \hbox (14.1623pt too wide) in paragraph at lines 8--9
\JY1/mc/m/n/10 が 、
 []


Overfull \hbox (9.62216pt too wide) in paragraph at lines 8--9
\JY1/mc/m/n/10 近
 []


Overfull \hbox (9.62216pt too wide) in paragraph at lines 8--9
\JY1/mc/m/n/10 年
 []


Overfull \hbox (9.62216pt too wide) in paragraph at lines 8--9
\JY1/mc/m/n/10 の
 []


Overfull \hbox (9.62216pt too wide) in paragraph at lines 8--9
\JY1/mc/m/n/10 研
 []


Overfull \hbox (9.62216pt too wide) in paragraph at lines 8--9
\JY1/mc/m/n/10 究
 []


Overfull \hbox (9.62216pt too wide) in paragraph at lines 8--9
\JY1/mc/m/n/10 で
 []


Overfull \hbox (9.62216pt too wide) in paragraph at lines 8--9
\JY1/mc/m/n/10 光
 []


Overfull \hbox (9.62216pt too wide) in paragraph at lines 8--9
\JY1/mc/m/n/10 パ
 []


Overfull \hbox (9.62216pt too wide) in paragraph at lines 8--9
\JY1/mc/m/n/10 ル
 []


Overfull \hbox (9.62216pt too wide) in paragraph at lines 8--9
\JY1/mc/m/n/10 ス
 []


Overfull \hbox (9.62216pt too wide) in paragraph at lines 8--9
\JY1/mc/m/n/10 の
 []


Overfull \hbox (9.62216pt too wide) in paragraph at lines 8--9
\JY1/mc/m/n/10 立
 []


Overfull \hbox (9.62216pt too wide) in paragraph at lines 8--9
\JY1/mc/m/n/10 ち
 []


Overfull \hbox (9.62216pt too wide) in paragraph at lines 8--9
\JY1/mc/m/n/10 上
 []


Overfull \hbox (9.62216pt too wide) in paragraph at lines 8--9
\JY1/mc/m/n/10 が
 []


Overfull \hbox (9.62216pt too wide) in paragraph at lines 8--9
\JY1/mc/m/n/10 り
 []


Overfull \hbox (9.62216pt too wide) in paragraph at lines 8--9
\JY1/mc/m/n/10 は
 []


Overfull \hbox (9.62216pt too wide) in paragraph at lines 8--9
\JY1/mc/m/n/10 半
 []


Overfull \hbox (9.62216pt too wide) in paragraph at lines 8--9
\JY1/mc/m/n/10 導
 []


Overfull \hbox (9.62216pt too wide) in paragraph at lines 8--9
\JY1/mc/m/n/10 体
 []


Overfull \hbox (9.62216pt too wide) in paragraph at lines 8--9
\JY1/mc/m/n/10 材
 []


Overfull \hbox (9.62216pt too wide) in paragraph at lines 8--9
\JY1/mc/m/n/10 料
 []


Overfull \hbox (9.62216pt too wide) in paragraph at lines 8--9
\JY1/mc/m/n/10 の
 []


Overfull \hbox (9.62216pt too wide) in paragraph at lines 8--9
\JY1/mc/m/n/10 利
 []


Overfull \hbox (9.62216pt too wide) in paragraph at lines 8--9
\JY1/mc/m/n/10 得
 []


Overfull \hbox (9.62216pt too wide) in paragraph at lines 8--9
\JY1/mc/m/n/10 飽
 []


Overfull \hbox (9.62216pt too wide) in paragraph at lines 8--9
\JY1/mc/m/n/10 和
 []


Overfull \hbox (9.62216pt too wide) in paragraph at lines 8--9
\JY1/mc/m/n/10 飽
 []


Overfull \hbox (9.62216pt too wide) in paragraph at lines 8--9
\JY1/mc/m/n/10 和
 []


Overfull \hbox (18.74432pt too wide) in paragraph at lines 8--9
\JY1/mc/m/n/10 モ ー
 []


Overfull \hbox (9.62216pt too wide) in paragraph at lines 8--9
\JY1/mc/m/n/10 ド
 []


Overfull \hbox (9.62216pt too wide) in paragraph at lines 8--9
\JY1/mc/m/n/10 利
 []


Overfull \hbox (9.62216pt too wide) in paragraph at lines 8--9
\JY1/mc/m/n/10 得
 []


Overfull \hbox (14.1623pt too wide) in paragraph at lines 8--9
\JY1/mc/m/n/10 が 、
 []


Overfull \hbox (9.62216pt too wide) in paragraph at lines 8--9
\JY1/mc/m/n/10 立
 []


Overfull \hbox (9.62216pt too wide) in paragraph at lines 8--9
\JY1/mc/m/n/10 ち
 []


Overfull \hbox (9.62216pt too wide) in paragraph at lines 8--9
\JY1/mc/m/n/10 下
 []


Overfull \hbox (9.62216pt too wide) in paragraph at lines 8--9
\JY1/mc/m/n/10 が
 []


Overfull \hbox (9.62216pt too wide) in paragraph at lines 8--9
\JY1/mc/m/n/10 り
 []


Overfull \hbox (9.62216pt too wide) in paragraph at lines 8--9
\JY1/mc/m/n/10 は
 []


Overfull \hbox (9.62216pt too wide) in paragraph at lines 8--9
\JY1/mc/m/n/10 共
 []


Overfull \hbox (9.62216pt too wide) in paragraph at lines 8--9
\JY1/mc/m/n/10 振
 []


Overfull \hbox (9.62216pt too wide) in paragraph at lines 8--9
\JY1/mc/m/n/10 器
 []


Overfull \hbox (9.62216pt too wide) in paragraph at lines 8--9
\JY1/mc/m/n/10 寿
 []


Overfull \hbox (9.62216pt too wide) in paragraph at lines 8--9
\JY1/mc/m/n/10 命
 []


Overfull \hbox (9.62216pt too wide) in paragraph at lines 8--9
\JY1/mc/m/n/10 が
 []


Overfull \hbox (9.62216pt too wide) in paragraph at lines 8--9
\JY1/mc/m/n/10 決
 []


Overfull \hbox (9.62216pt too wide) in paragraph at lines 8--9
\JY1/mc/m/n/10 め
 []


Overfull \hbox (9.62216pt too wide) in paragraph at lines 8--9
\JY1/mc/m/n/10 て
 []


Overfull \hbox (9.62216pt too wide) in paragraph at lines 8--9
\JY1/mc/m/n/10 い
 []


Overfull \hbox (9.62216pt too wide) in paragraph at lines 8--9
\JY1/mc/m/n/10 る
 []


Overfull \hbox (9.62216pt too wide) in paragraph at lines 8--9
\JY1/mc/m/n/10 と
 []


Overfull \hbox (9.62216pt too wide) in paragraph at lines 8--9
\JY1/mc/m/n/10 い
 []


Overfull \hbox (9.62216pt too wide) in paragraph at lines 8--9
\JY1/mc/m/n/10 う
 []


Overfull \hbox (9.62216pt too wide) in paragraph at lines 8--9
\JY1/mc/m/n/10 こ
 []


Overfull \hbox (9.62216pt too wide) in paragraph at lines 8--9
\JY1/mc/m/n/10 と
 []


Overfull \hbox (9.62216pt too wide) in paragraph at lines 8--9
\JY1/mc/m/n/10 が
 []


Overfull \hbox (9.62216pt too wide) in paragraph at lines 8--9
\JY1/mc/m/n/10 報
 []


Overfull \hbox (9.62216pt too wide) in paragraph at lines 8--9
\JY1/mc/m/n/10 告
 []


Overfull \hbox (9.62216pt too wide) in paragraph at lines 8--9
\JY1/mc/m/n/10 さ
 []


Overfull \hbox (9.62216pt too wide) in paragraph at lines 8--9
\JY1/mc/m/n/10 れ
 []


Overfull \hbox (9.62216pt too wide) in paragraph at lines 8--9
\JY1/mc/m/n/10 て
 []


Overfull \hbox (9.62216pt too wide) in paragraph at lines 8--9
\JY1/mc/m/n/10 い
 []


Overfull \hbox (14.1623pt too wide) in paragraph at lines 8--9
\JY1/mc/m/n/10 る 。
 []


Overfull \hbox (9.62216pt too wide) in paragraph at lines 8--9
\JY1/mc/m/n/10 共
 []


Overfull \hbox (9.62216pt too wide) in paragraph at lines 8--9
\JY1/mc/m/n/10 振
 []


Overfull \hbox (9.62216pt too wide) in paragraph at lines 8--9
\JY1/mc/m/n/10 器
 []


Overfull \hbox (9.62216pt too wide) in paragraph at lines 8--9
\JY1/mc/m/n/10 寿
 []


Overfull \hbox (9.62216pt too wide) in paragraph at lines 8--9
\JY1/mc/m/n/10 命
 []


Overfull \hbox (9.62216pt too wide) in paragraph at lines 8--9
\JY1/mc/m/n/10 は
 []


Overfull \hbox (9.62216pt too wide) in paragraph at lines 8--9
\JY1/mc/m/n/10 半
 []


Overfull \hbox (9.62216pt too wide) in paragraph at lines 8--9
\JY1/mc/m/n/10 導
 []


Overfull \hbox (9.62216pt too wide) in paragraph at lines 8--9
\JY1/mc/m/n/10 体
 []


Overfull \hbox (18.74432pt too wide) in paragraph at lines 8--9
\JY1/mc/m/n/10 レ ー
 []


Overfull \hbox (18.74432pt too wide) in paragraph at lines 8--9
\JY1/mc/m/n/10 ザ ー
 []


Overfull \hbox (9.62216pt too wide) in paragraph at lines 8--9
\JY1/mc/m/n/10 の
 []


Overfull \hbox (9.62216pt too wide) in paragraph at lines 8--9
\JY1/mc/m/n/10 共
 []


Overfull \hbox (9.62216pt too wide) in paragraph at lines 8--9
\JY1/mc/m/n/10 振
 []


Overfull \hbox (9.62216pt too wide) in paragraph at lines 8--9
\JY1/mc/m/n/10 器
 []


Overfull \hbox (9.62216pt too wide) in paragraph at lines 8--9
\JY1/mc/m/n/10 長
 []


Overfull \hbox (9.62216pt too wide) in paragraph at lines 8--9
\JY1/mc/m/n/10 を
 []


Overfull \hbox (9.62216pt too wide) in paragraph at lines 8--9
\JY1/mc/m/n/10 短
 []


Overfull \hbox (9.62216pt too wide) in paragraph at lines 8--9
\JY1/mc/m/n/10 く
 []


Overfull \hbox (9.62216pt too wide) in paragraph at lines 8--9
\JY1/mc/m/n/10 す
 []


Overfull \hbox (9.62216pt too wide) in paragraph at lines 8--9
\JY1/mc/m/n/10 る
 []


Overfull \hbox (9.62216pt too wide) in paragraph at lines 8--9
\JY1/mc/m/n/10 こ
 []


Overfull \hbox (9.62216pt too wide) in paragraph at lines 8--9
\JY1/mc/m/n/10 と
 []


Overfull \hbox (9.62216pt too wide) in paragraph at lines 8--9
\JY1/mc/m/n/10 で
 []


Overfull \hbox (9.62216pt too wide) in paragraph at lines 8--9
\JY1/mc/m/n/10 短
 []


Overfull \hbox (9.62216pt too wide) in paragraph at lines 8--9
\JY1/mc/m/n/10 く
 []


Overfull \hbox (9.62216pt too wide) in paragraph at lines 8--9
\JY1/mc/m/n/10 す
 []


Overfull \hbox (9.62216pt too wide) in paragraph at lines 8--9
\JY1/mc/m/n/10 る
 []


Overfull \hbox (9.62216pt too wide) in paragraph at lines 8--9
\JY1/mc/m/n/10 こ
 []


Overfull \hbox (9.62216pt too wide) in paragraph at lines 8--9
\JY1/mc/m/n/10 と
 []


Overfull \hbox (9.62216pt too wide) in paragraph at lines 8--9
\JY1/mc/m/n/10 が
 []


Overfull \hbox (9.62216pt too wide) in paragraph at lines 8--9
\JY1/mc/m/n/10 で
 []


Overfull \hbox (14.1623pt too wide) in paragraph at lines 8--9
\JY1/mc/m/n/10 き 、
 []


Overfull \hbox (9.62216pt too wide) in paragraph at lines 8--9
\JY1/mc/m/n/10 光
 []


Overfull \hbox (9.62216pt too wide) in paragraph at lines 8--9
\JY1/mc/m/n/10 パ
 []


Overfull \hbox (9.62216pt too wide) in paragraph at lines 8--9
\JY1/mc/m/n/10 ル
 []


Overfull \hbox (9.62216pt too wide) in paragraph at lines 8--9
\JY1/mc/m/n/10 ス
 []


Overfull \hbox (9.62216pt too wide) in paragraph at lines 8--9
\JY1/mc/m/n/10 の
 []


Overfull \hbox (9.62216pt too wide) in paragraph at lines 8--9
\JY1/mc/m/n/10 短
 []


Overfull \hbox (9.62216pt too wide) in paragraph at lines 8--9
\JY1/mc/m/n/10 パ
 []


Overfull \hbox (9.62216pt too wide) in paragraph at lines 8--9
\JY1/mc/m/n/10 ル
 []


Overfull \hbox (9.62216pt too wide) in paragraph at lines 8--9
\JY1/mc/m/n/10 ス
 []


Overfull \hbox (9.62216pt too wide) in paragraph at lines 8--9
\JY1/mc/m/n/10 化
 []


Overfull \hbox (9.62216pt too wide) in paragraph at lines 8--9
\JY1/mc/m/n/10 が
 []


Overfull \hbox (9.62216pt too wide) in paragraph at lines 8--9
\JY1/mc/m/n/10 見
 []


Overfull \hbox (9.62216pt too wide) in paragraph at lines 8--9
\JY1/mc/m/n/10 込
 []


Overfull \hbox (9.62216pt too wide) in paragraph at lines 8--9
\JY1/mc/m/n/10 ま
 []


Overfull \hbox (9.62216pt too wide) in paragraph at lines 8--9
\JY1/mc/m/n/10 れ
 []


Overfull \hbox (14.1623pt too wide) in paragraph at lines 8--9
\JY1/mc/m/n/10 る 。
 []


Overfull \hbox (9.62216pt too wide) in paragraph at lines 8--9
\JY1/mc/m/n/10 一
 []


Overfull \hbox (9.62216pt too wide) in paragraph at lines 8--9
\JY1/mc/m/n/10 方
 []


Overfull \hbox (9.62216pt too wide) in paragraph at lines 8--9
\JY1/mc/m/n/10 飽
 []


Overfull \hbox (9.62216pt too wide) in paragraph at lines 8--9
\JY1/mc/m/n/10 和
 []


Overfull \hbox (18.74432pt too wide) in paragraph at lines 8--9
\JY1/mc/m/n/10 モ ー
 []


Overfull \hbox (9.62216pt too wide) in paragraph at lines 8--9
\JY1/mc/m/n/10 ド
 []


Overfull \hbox (9.62216pt too wide) in paragraph at lines 8--9
\JY1/mc/m/n/10 利
 []


Overfull \hbox (9.62216pt too wide) in paragraph at lines 8--9
\JY1/mc/m/n/10 得
 []


Overfull \hbox (9.62216pt too wide) in paragraph at lines 8--9
\JY1/mc/m/n/10 利
 []


Overfull \hbox (9.62216pt too wide) in paragraph at lines 8--9
\JY1/mc/m/n/10 得
 []


Overfull \hbox (9.62216pt too wide) in paragraph at lines 8--9
\JY1/mc/m/n/10 飽
 []


Overfull \hbox (9.62216pt too wide) in paragraph at lines 8--9
\JY1/mc/m/n/10 和
 []


Overfull \hbox (9.62216pt too wide) in paragraph at lines 8--9
\JY1/mc/m/n/10 に
 []


Overfull \hbox (9.62216pt too wide) in paragraph at lines 8--9
\JY1/mc/m/n/10 関
 []


Overfull \hbox (9.62216pt too wide) in paragraph at lines 8--9
\JY1/mc/m/n/10 し
 []


Overfull \hbox (9.62216pt too wide) in paragraph at lines 8--9
\JY1/mc/m/n/10 て
 []


Overfull \hbox (9.62216pt too wide) in paragraph at lines 8--9
\JY1/mc/m/n/10 は
 []


Overfull \hbox (18.74432pt too wide) in paragraph at lines 8--9
\JY1/mc/m/n/10 レ ー
 []


Overfull \hbox (18.74432pt too wide) in paragraph at lines 8--9
\JY1/mc/m/n/10 ザ ー
 []


Overfull \hbox (9.62216pt too wide) in paragraph at lines 8--9
\JY1/mc/m/n/10 デ
 []


Overfull \hbox (9.62216pt too wide) in paragraph at lines 8--9
\JY1/mc/m/n/10 バ
 []


Overfull \hbox (9.62216pt too wide) in paragraph at lines 8--9
\JY1/mc/m/n/10 イ
 []


Overfull \hbox (9.62216pt too wide) in paragraph at lines 8--9
\JY1/mc/m/n/10 ス
 []


Overfull \hbox (9.62216pt too wide) in paragraph at lines 8--9
\JY1/mc/m/n/10 設
 []


Overfull \hbox (9.62216pt too wide) in paragraph at lines 8--9
\JY1/mc/m/n/10 計
 []


Overfull \hbox (9.62216pt too wide) in paragraph at lines 8--9
\JY1/mc/m/n/10 の
 []


Overfull \hbox (9.62216pt too wide) in paragraph at lines 8--9
\JY1/mc/m/n/10 時
 []


Overfull \hbox (9.62216pt too wide) in paragraph at lines 8--9
\JY1/mc/m/n/10 点
 []


Overfull \hbox (9.62216pt too wide) in paragraph at lines 8--9
\JY1/mc/m/n/10 で
 []


Overfull \hbox (9.62216pt too wide) in paragraph at lines 8--9
\JY1/mc/m/n/10 は
 []


Overfull \hbox (9.62216pt too wide) in paragraph at lines 8--9
\JY1/mc/m/n/10 決
 []


Overfull \hbox (9.62216pt too wide) in paragraph at lines 8--9
\JY1/mc/m/n/10 め
 []


Overfull \hbox (9.62216pt too wide) in paragraph at lines 8--9
\JY1/mc/m/n/10 る
 []


Overfull \hbox (9.62216pt too wide) in paragraph at lines 8--9
\JY1/mc/m/n/10 こ
 []


Overfull \hbox (9.62216pt too wide) in paragraph at lines 8--9
\JY1/mc/m/n/10 と
 []


Overfull \hbox (9.62216pt too wide) in paragraph at lines 8--9
\JY1/mc/m/n/10 が
 []


Overfull \hbox (9.62216pt too wide) in paragraph at lines 8--9
\JY1/mc/m/n/10 で
 []


Overfull \hbox (9.62216pt too wide) in paragraph at lines 8--9
\JY1/mc/m/n/10 き
 []


Overfull \hbox (9.62216pt too wide) in paragraph at lines 8--9
\JY1/mc/m/n/10 な
 []


Overfull \hbox (14.1623pt too wide) in paragraph at lines 8--9
\JY1/mc/m/n/10 い 。
 []


Overfull \hbox (9.62216pt too wide) in paragraph at lines 8--9
\JY1/mc/m/n/10 そ
 []


Overfull \hbox (9.62216pt too wide) in paragraph at lines 8--9
\JY1/mc/m/n/10 こ
 []


Overfull \hbox (9.62216pt too wide) in paragraph at lines 8--9
\JY1/mc/m/n/10 で
 []


Overfull \hbox (9.62216pt too wide) in paragraph at lines 8--9
\JY1/mc/m/n/10 利
 []


Overfull \hbox (9.62216pt too wide) in paragraph at lines 8--9
\JY1/mc/m/n/10 得
 []


Overfull \hbox (9.62216pt too wide) in paragraph at lines 8--9
\JY1/mc/m/n/10 飽
 []


Overfull \hbox (9.62216pt too wide) in paragraph at lines 8--9
\JY1/mc/m/n/10 和
 []


Overfull \hbox (9.62216pt too wide) in paragraph at lines 8--9
\JY1/mc/m/n/10 の
 []


Overfull \hbox (9.62216pt too wide) in paragraph at lines 8--9
\JY1/mc/m/n/10 代
 []


Overfull \hbox (9.62216pt too wide) in paragraph at lines 8--9
\JY1/mc/m/n/10 わ
 []


Overfull \hbox (9.62216pt too wide) in paragraph at lines 8--9
\JY1/mc/m/n/10 り
 []


Overfull \hbox (9.62216pt too wide) in paragraph at lines 8--9
\JY1/mc/m/n/10 に
 []


Overfull \hbox (9.62216pt too wide) in paragraph at lines 8--9
\JY1/mc/m/n/10 光
 []


Overfull \hbox (9.62216pt too wide) in paragraph at lines 8--9
\JY1/mc/m/n/10 閉
 []


Overfull \hbox (9.62216pt too wide) in paragraph at lines 8--9
\JY1/mc/m/n/10 じ
 []


Overfull \hbox (9.62216pt too wide) in paragraph at lines 8--9
\JY1/mc/m/n/10 込
 []


Overfull \hbox (9.62216pt too wide) in paragraph at lines 8--9
\JY1/mc/m/n/10 め
 []


Overfull \hbox (9.62216pt too wide) in paragraph at lines 8--9
\JY1/mc/m/n/10 係
 []


Overfull \hbox (9.62216pt too wide) in paragraph at lines 8--9
\JY1/mc/m/n/10 数
 []


Overfull \hbox (9.62216pt too wide) in paragraph at lines 8--9
\JY1/mc/m/n/10 を
 []


Overfull \hbox (9.62216pt too wide) in paragraph at lines 8--9
\JY1/mc/m/n/10 高
 []


Overfull \hbox (9.62216pt too wide) in paragraph at lines 8--9
\JY1/mc/m/n/10 く
 []


Overfull \hbox (9.62216pt too wide) in paragraph at lines 8--9
\JY1/mc/m/n/10 す
 []


Overfull \hbox (9.62216pt too wide) in paragraph at lines 8--9
\JY1/mc/m/n/10 る
 []


Overfull \hbox (9.62216pt too wide) in paragraph at lines 8--9
\JY1/mc/m/n/10 こ
 []


Overfull \hbox (9.62216pt too wide) in paragraph at lines 8--9
\JY1/mc/m/n/10 と
 []


Overfull \hbox (9.62216pt too wide) in paragraph at lines 8--9
\JY1/mc/m/n/10 で
 []


Overfull \hbox (9.62216pt too wide) in paragraph at lines 8--9
\JY1/mc/m/n/10 高
 []


Overfull \hbox (9.62216pt too wide) in paragraph at lines 8--9
\JY1/mc/m/n/10 い
 []


Overfull \hbox (9.62216pt too wide) in paragraph at lines 8--9
\JY1/mc/m/n/10 利
 []


Overfull \hbox (9.62216pt too wide) in paragraph at lines 8--9
\JY1/mc/m/n/10 得
 []


Overfull \hbox (9.62216pt too wide) in paragraph at lines 8--9
\JY1/mc/m/n/10 を
 []


Overfull \hbox (9.62216pt too wide) in paragraph at lines 8--9
\JY1/mc/m/n/10 実
 []


Overfull \hbox (9.62216pt too wide) in paragraph at lines 8--9
\JY1/mc/m/n/10 現
 []


Overfull \hbox (9.62216pt too wide) in paragraph at lines 8--9
\JY1/mc/m/n/10 し
 []


Overfull \hbox (9.62216pt too wide) in paragraph at lines 8--9
\JY1/mc/m/n/10 光
 []


Overfull \hbox (9.62216pt too wide) in paragraph at lines 8--9
\JY1/mc/m/n/10 パ
 []


Overfull \hbox (9.62216pt too wide) in paragraph at lines 8--9
\JY1/mc/m/n/10 ル
 []


Overfull \hbox (9.62216pt too wide) in paragraph at lines 8--9
\JY1/mc/m/n/10 ス
 []


Overfull \hbox (9.62216pt too wide) in paragraph at lines 8--9
\JY1/mc/m/n/10 の
 []


Overfull \hbox (9.62216pt too wide) in paragraph at lines 8--9
\JY1/mc/m/n/10 短
 []


Overfull \hbox (9.62216pt too wide) in paragraph at lines 8--9
\JY1/mc/m/n/10 パ
 []


Overfull \hbox (9.62216pt too wide) in paragraph at lines 8--9
\JY1/mc/m/n/10 ル
 []


Overfull \hbox (9.62216pt too wide) in paragraph at lines 8--9
\JY1/mc/m/n/10 ス
 []


Overfull \hbox (9.62216pt too wide) in paragraph at lines 8--9
\JY1/mc/m/n/10 化
 []


Overfull \hbox (9.62216pt too wide) in paragraph at lines 8--9
\JY1/mc/m/n/10 を
 []


Overfull \hbox (9.62216pt too wide) in paragraph at lines 8--9
\JY1/mc/m/n/10 図
 []


Overfull \hbox (9.62216pt too wide) in paragraph at lines 8--9
\JY1/mc/m/n/10 れ
 []


Overfull \hbox (9.62216pt too wide) in paragraph at lines 8--9
\JY1/mc/m/n/10 る
 []


Overfull \hbox (9.62216pt too wide) in paragraph at lines 8--9
\JY1/mc/m/n/10 こ
 []


Overfull \hbox (9.62216pt too wide) in paragraph at lines 8--9
\JY1/mc/m/n/10 と
 []


Overfull \hbox (9.62216pt too wide) in paragraph at lines 8--9
\JY1/mc/m/n/10 が
 []


Overfull \hbox (9.62216pt too wide) in paragraph at lines 8--9
\JY1/mc/m/n/10 示
 []


Overfull \hbox (9.62216pt too wide) in paragraph at lines 8--9
\JY1/mc/m/n/10 唆
 []


Overfull \hbox (9.62216pt too wide) in paragraph at lines 8--9
\JY1/mc/m/n/10 さ
 []


Overfull \hbox (9.62216pt too wide) in paragraph at lines 8--9
\JY1/mc/m/n/10 れ
 []


Overfull \hbox (9.62216pt too wide) in paragraph at lines 8--9
\JY1/mc/m/n/10 て
 []


Overfull \hbox (9.62216pt too wide) in paragraph at lines 8--9
\JY1/mc/m/n/10 い
 []


Overfull \hbox (14.1623pt too wide) in paragraph at lines 8--9
\JY1/mc/m/n/10 る 。
 []


Overfull \hbox (9.62216pt too wide) in paragraph at lines 8--9
\JY1/mc/m/n/10 量
 []


Overfull \hbox (9.62216pt too wide) in paragraph at lines 8--9
\JY1/mc/m/n/10 子
 []


Overfull \hbox (9.62216pt too wide) in paragraph at lines 8--9
\JY1/mc/m/n/10 井
 []


Overfull \hbox (9.62216pt too wide) in paragraph at lines 8--9
\JY1/mc/m/n/10 戸
 []


Overfull \hbox (18.74432pt too wide) in paragraph at lines 8--9
\JY1/mc/m/n/10 レ ー
 []


Overfull \hbox (18.74432pt too wide) in paragraph at lines 8--9
\JY1/mc/m/n/10 ザ ー
 []


Overfull \hbox (9.62216pt too wide) in paragraph at lines 8--9
\JY1/mc/m/n/10 に
 []


Overfull \hbox (9.62216pt too wide) in paragraph at lines 8--9
\JY1/mc/m/n/10 お
 []


Overfull \hbox (9.62216pt too wide) in paragraph at lines 8--9
\JY1/mc/m/n/10 い
 []


Overfull \hbox (9.62216pt too wide) in paragraph at lines 8--9
\JY1/mc/m/n/10 て
 []


Overfull \hbox (9.62216pt too wide) in paragraph at lines 8--9
\JY1/mc/m/n/10 閉
 []


Overfull \hbox (9.62216pt too wide) in paragraph at lines 8--9
\JY1/mc/m/n/10 じ
 []


Overfull \hbox (9.62216pt too wide) in paragraph at lines 8--9
\JY1/mc/m/n/10 込
 []


Overfull \hbox (9.62216pt too wide) in paragraph at lines 8--9
\JY1/mc/m/n/10 め
 []


Overfull \hbox (9.62216pt too wide) in paragraph at lines 8--9
\JY1/mc/m/n/10 係
 []


Overfull \hbox (9.62216pt too wide) in paragraph at lines 8--9
\JY1/mc/m/n/10 数
 []


Overfull \hbox (9.62216pt too wide) in paragraph at lines 8--9
\JY1/mc/m/n/10 は
 []


Overfull \hbox (9.62216pt too wide) in paragraph at lines 8--9
\JY1/mc/m/n/10 量
 []


Overfull \hbox (9.62216pt too wide) in paragraph at lines 8--9
\JY1/mc/m/n/10 子
 []


Overfull \hbox (9.62216pt too wide) in paragraph at lines 8--9
\JY1/mc/m/n/10 井
 []


Overfull \hbox (9.62216pt too wide) in paragraph at lines 8--9
\JY1/mc/m/n/10 戸
 []


Overfull \hbox (9.62216pt too wide) in paragraph at lines 8--9
\JY1/mc/m/n/10 の
 []


Overfull \hbox (9.62216pt too wide) in paragraph at lines 8--9
\JY1/mc/m/n/10 数
 []


Overfull \hbox (9.62216pt too wide) in paragraph at lines 8--9
\JY1/mc/m/n/10 を
 []


Overfull \hbox (9.62216pt too wide) in paragraph at lines 8--9
\JY1/mc/m/n/10 増
 []


Overfull \hbox (9.62216pt too wide) in paragraph at lines 8--9
\JY1/mc/m/n/10 や
 []


Overfull \hbox (9.62216pt too wide) in paragraph at lines 8--9
\JY1/mc/m/n/10 す
 []


Overfull \hbox (9.62216pt too wide) in paragraph at lines 8--9
\JY1/mc/m/n/10 こ
 []


Overfull \hbox (9.62216pt too wide) in paragraph at lines 8--9
\JY1/mc/m/n/10 と
 []


Overfull \hbox (9.62216pt too wide) in paragraph at lines 8--9
\JY1/mc/m/n/10 で
 []


Overfull \hbox (9.62216pt too wide) in paragraph at lines 8--9
\JY1/mc/m/n/10 実
 []


Overfull \hbox (9.62216pt too wide) in paragraph at lines 8--9
\JY1/mc/m/n/10 現
 []


Overfull \hbox (9.62216pt too wide) in paragraph at lines 8--9
\JY1/mc/m/n/10 さ
 []


Overfull \hbox (9.62216pt too wide) in paragraph at lines 8--9
\JY1/mc/m/n/10 れ
 []


Overfull \hbox (14.1623pt too wide) in paragraph at lines 8--9
\JY1/mc/m/n/10 る 。 
 []


! LaTeX Error: Missing \begin{document}.

See the LaTeX manual or LaTeX Companion for explanation.
Type  H <return>  for immediate help.
 ...                                              
                                                  
l.11  そ
        こで本研究では10周期多重量子井戸半導体レーザーをデザインおよび開発を...

You're in trouble here.  Try typing  <return>  to proceed.
If that doesn't work, type  X <return>  to quit.


Overfull \hbox (29.62216pt too wide) in paragraph at lines 11--12
[][]\JY1/mc/m/n/10 そ
 []


Overfull \hbox (9.62216pt too wide) in paragraph at lines 11--12
\JY1/mc/m/n/10 こ
 []


Overfull \hbox (9.62216pt too wide) in paragraph at lines 11--12
\JY1/mc/m/n/10 で
 []


Overfull \hbox (9.62216pt too wide) in paragraph at lines 11--12
\JY1/mc/m/n/10 本
 []


Overfull \hbox (9.62216pt too wide) in paragraph at lines 11--12
\JY1/mc/m/n/10 研
 []


Overfull \hbox (9.62216pt too wide) in paragraph at lines 11--12
\JY1/mc/m/n/10 究
 []


Overfull \hbox (9.62216pt too wide) in paragraph at lines 11--12
\JY1/mc/m/n/10 で
 []


Overfull \hbox (9.62216pt too wide) in paragraph at lines 11--12
\JY1/mc/m/n/10 は
 []


Overfull \hbox (10.00003pt too wide) in paragraph at lines 11--12
\OT1/cmr/m/n/10 10
 []


Overfull \hbox (9.62216pt too wide) in paragraph at lines 11--12
\JY1/mc/m/n/10 周
 []


Overfull \hbox (9.62216pt too wide) in paragraph at lines 11--12
\JY1/mc/m/n/10 期
 []


Overfull \hbox (9.62216pt too wide) in paragraph at lines 11--12
\JY1/mc/m/n/10 多
 []


Overfull \hbox (9.62216pt too wide) in paragraph at lines 11--12
\JY1/mc/m/n/10 重
 []


Overfull \hbox (9.62216pt too wide) in paragraph at lines 11--12
\JY1/mc/m/n/10 量
 []


Overfull \hbox (9.62216pt too wide) in paragraph at lines 11--12
\JY1/mc/m/n/10 子
 []


Overfull \hbox (9.62216pt too wide) in paragraph at lines 11--12
\JY1/mc/m/n/10 井
 []


Overfull \hbox (9.62216pt too wide) in paragraph at lines 11--12
\JY1/mc/m/n/10 戸
 []


Overfull \hbox (9.62216pt too wide) in paragraph at lines 11--12
\JY1/mc/m/n/10 半
 []


Overfull \hbox (9.62216pt too wide) in paragraph at lines 11--12
\JY1/mc/m/n/10 導
 []


Overfull \hbox (9.62216pt too wide) in paragraph at lines 11--12
\JY1/mc/m/n/10 体
 []


Overfull \hbox (18.74432pt too wide) in paragraph at lines 11--12
\JY1/mc/m/n/10 レ ー
 []


Overfull \hbox (18.74432pt too wide) in paragraph at lines 11--12
\JY1/mc/m/n/10 ザ ー
 []


Overfull \hbox (9.62216pt too wide) in paragraph at lines 11--12
\JY1/mc/m/n/10 を
 []


Overfull \hbox (9.62216pt too wide) in paragraph at lines 11--12
\JY1/mc/m/n/10 デ
 []


Overfull \hbox (9.62216pt too wide) in paragraph at lines 11--12
\JY1/mc/m/n/10 ザ
 []


Overfull \hbox (9.62216pt too wide) in paragraph at lines 11--12
\JY1/mc/m/n/10 イ
 []


Overfull \hbox (9.62216pt too wide) in paragraph at lines 11--12
\JY1/mc/m/n/10 ン
 []


Overfull \hbox (9.62216pt too wide) in paragraph at lines 11--12
\JY1/mc/m/n/10 お
 []


Overfull \hbox (9.62216pt too wide) in paragraph at lines 11--12
\JY1/mc/m/n/10 よ
 []


Overfull \hbox (9.62216pt too wide) in paragraph at lines 11--12
\JY1/mc/m/n/10 び
 []


Overfull \hbox (9.62216pt too wide) in paragraph at lines 11--12
\JY1/mc/m/n/10 開
 []


Overfull \hbox (9.62216pt too wide) in paragraph at lines 11--12
\JY1/mc/m/n/10 発
 []


Overfull \hbox (9.62216pt too wide) in paragraph at lines 11--12
\JY1/mc/m/n/10 を
 []


Overfull \hbox (9.62216pt too wide) in paragraph at lines 11--12
\JY1/mc/m/n/10 行
 []


Overfull \hbox (7.47433pt too wide) in paragraph at lines 11--12
\JY1/mc/m/n/10 っ
 []


Overfull \hbox (14.1623pt too wide) in paragraph at lines 11--12
\JY1/mc/m/n/10 た 。
 []


Overfull \hbox (9.62216pt too wide) in paragraph at lines 11--12
\JY1/mc/m/n/10 同
 []


Overfull \hbox (9.62216pt too wide) in paragraph at lines 11--12
\JY1/mc/m/n/10 時
 []


Overfull \hbox (9.62216pt too wide) in paragraph at lines 11--12
\JY1/mc/m/n/10 に
 []


Overfull \hbox (5.00002pt too wide) in paragraph at lines 11--12
\OT1/cmr/m/n/10 3
 []


Overfull \hbox (9.62216pt too wide) in paragraph at lines 11--12
\JY1/mc/m/n/10 周
 []


Overfull \hbox (9.62216pt too wide) in paragraph at lines 11--12
\JY1/mc/m/n/10 期
 []


Overfull \hbox (9.62216pt too wide) in paragraph at lines 11--12
\JY1/mc/m/n/10 多
 []


Overfull \hbox (9.62216pt too wide) in paragraph at lines 11--12
\JY1/mc/m/n/10 重
 []


Overfull \hbox (9.62216pt too wide) in paragraph at lines 11--12
\JY1/mc/m/n/10 量
 []


Overfull \hbox (9.62216pt too wide) in paragraph at lines 11--12
\JY1/mc/m/n/10 子
 []


Overfull \hbox (9.62216pt too wide) in paragraph at lines 11--12
\JY1/mc/m/n/10 井
 []


Overfull \hbox (9.62216pt too wide) in paragraph at lines 11--12
\JY1/mc/m/n/10 戸
 []


Overfull \hbox (18.74432pt too wide) in paragraph at lines 11--12
\JY1/mc/m/n/10 レ ー
 []


Overfull \hbox (18.74432pt too wide) in paragraph at lines 11--12
\JY1/mc/m/n/10 ザ ー
 []


Overfull \hbox (9.62216pt too wide) in paragraph at lines 11--12
\JY1/mc/m/n/10 も
 []


Overfull \hbox (9.62216pt too wide) in paragraph at lines 11--12
\JY1/mc/m/n/10 開
 []


Overfull \hbox (9.62216pt too wide) in paragraph at lines 11--12
\JY1/mc/m/n/10 発
 []


Overfull \hbox (14.1623pt too wide) in paragraph at lines 11--12
\JY1/mc/m/n/10 し 、
 []


Overfull \hbox (9.62216pt too wide) in paragraph at lines 11--12
\JY1/mc/m/n/10 電
 []


Overfull \hbox (9.62216pt too wide) in paragraph at lines 11--12
\JY1/mc/m/n/10 流
 []


Overfull \hbox (9.62216pt too wide) in paragraph at lines 11--12
\JY1/mc/m/n/10 注
 []


Overfull \hbox (9.62216pt too wide) in paragraph at lines 11--12
\JY1/mc/m/n/10 入
 []


Overfull \hbox (9.62216pt too wide) in paragraph at lines 11--12
\JY1/mc/m/n/10 実
 []


Overfull \hbox (9.62216pt too wide) in paragraph at lines 11--12
\JY1/mc/m/n/10 験
 []


Overfull \hbox (9.62216pt too wide) in paragraph at lines 11--12
\JY1/mc/m/n/10 を
 []


Overfull \hbox (9.62216pt too wide) in paragraph at lines 11--12
\JY1/mc/m/n/10 行
 []


Overfull \hbox (9.62216pt too wide) in paragraph at lines 11--12
\JY1/mc/m/n/10 い
 []


Overfull \hbox (9.62216pt too wide) in paragraph at lines 11--12
\JY1/mc/m/n/10 比
 []


Overfull \hbox (9.62216pt too wide) in paragraph at lines 11--12
\JY1/mc/m/n/10 較
 []


Overfull \hbox (9.62216pt too wide) in paragraph at lines 11--12
\JY1/mc/m/n/10 し
 []


Overfull \hbox (9.62216pt too wide) in paragraph at lines 11--12
\JY1/mc/m/n/10 た
 []


Overfull \hbox (9.62216pt too wide) in paragraph at lines 11--12
\JY1/mc/m/n/10 と
 []


Overfull \hbox (9.62216pt too wide) in paragraph at lines 11--12
\JY1/mc/m/n/10 こ
 []


Overfull \hbox (9.62216pt too wide) in paragraph at lines 11--12
\JY1/mc/m/n/10 ろ
 []


Overfull \hbox (9.62216pt too wide) in paragraph at lines 11--12
\JY1/mc/m/n/10 高
 []


Overfull \hbox (9.62216pt too wide) in paragraph at lines 11--12
\JY1/mc/m/n/10 い
 []


Overfull \hbox (9.62216pt too wide) in paragraph at lines 11--12
\JY1/mc/m/n/10 利
 []


Overfull \hbox (9.62216pt too wide) in paragraph at lines 11--12
\JY1/mc/m/n/10 得
 []


Overfull \hbox (9.62216pt too wide) in paragraph at lines 11--12
\JY1/mc/m/n/10 で
 []


Overfull \hbox (9.62216pt too wide) in paragraph at lines 11--12
\JY1/mc/m/n/10 あ
 []


Overfull \hbox (9.62216pt too wide) in paragraph at lines 11--12
\JY1/mc/m/n/10 る
 []


Overfull \hbox (9.62216pt too wide) in paragraph at lines 11--12
\JY1/mc/m/n/10 こ
 []


Overfull \hbox (9.62216pt too wide) in paragraph at lines 11--12
\JY1/mc/m/n/10 と
 []


Overfull \hbox (9.62216pt too wide) in paragraph at lines 11--12
\JY1/mc/m/n/10 が
 []


Overfull \hbox (9.62216pt too wide) in paragraph at lines 11--12
\JY1/mc/m/n/10 示
 []


Overfull \hbox (9.62216pt too wide) in paragraph at lines 11--12
\JY1/mc/m/n/10 さ
 []


Overfull \hbox (9.62216pt too wide) in paragraph at lines 11--12
\JY1/mc/m/n/10 れ
 []


Overfull \hbox (14.1623pt too wide) in paragraph at lines 11--12
\JY1/mc/m/n/10 た 。 
 []


! LaTeX Error: Missing \begin{document}.

See the LaTeX manual or LaTeX Companion for explanation.
Type  H <return>  for immediate help.
 ...                                              
                                                  
l.13  ま
        た利得スイッチング動作を試みたところ10周期多重量子井戸レーザーでは最...

You're in trouble here.  Try typing  <return>  to proceed.
If that doesn't work, type  X <return>  to quit.


Overfull \hbox (29.62216pt too wide) in paragraph at lines 13--14
[][]\JY1/mc/m/n/10 ま
 []


Overfull \hbox (9.62216pt too wide) in paragraph at lines 13--14
\JY1/mc/m/n/10 た
 []


Overfull \hbox (9.62216pt too wide) in paragraph at lines 13--14
\JY1/mc/m/n/10 利
 []


Overfull \hbox (9.62216pt too wide) in paragraph at lines 13--14
\JY1/mc/m/n/10 得
 []


Overfull \hbox (9.62216pt too wide) in paragraph at lines 13--14
\JY1/mc/m/n/10 ス
 []


Overfull \hbox (9.62216pt too wide) in paragraph at lines 13--14
\JY1/mc/m/n/10 イ
 []


Overfull \hbox (7.47433pt too wide) in paragraph at lines 13--14
\JY1/mc/m/n/10 ッ
 []


Overfull \hbox (9.62216pt too wide) in paragraph at lines 13--14
\JY1/mc/m/n/10 チ
 []


Overfull \hbox (9.62216pt too wide) in paragraph at lines 13--14
\JY1/mc/m/n/10 ン
 []


Overfull \hbox (9.62216pt too wide) in paragraph at lines 13--14
\JY1/mc/m/n/10 グ
 []


Overfull \hbox (9.62216pt too wide) in paragraph at lines 13--14
\JY1/mc/m/n/10 動
 []


Overfull \hbox (9.62216pt too wide) in paragraph at lines 13--14
\JY1/mc/m/n/10 作
 []


Overfull \hbox (9.62216pt too wide) in paragraph at lines 13--14
\JY1/mc/m/n/10 を
 []


Overfull \hbox (9.62216pt too wide) in paragraph at lines 13--14
\JY1/mc/m/n/10 試
 []


Overfull \hbox (9.62216pt too wide) in paragraph at lines 13--14
\JY1/mc/m/n/10 み
 []


Overfull \hbox (9.62216pt too wide) in paragraph at lines 13--14
\JY1/mc/m/n/10 た
 []


Overfull \hbox (9.62216pt too wide) in paragraph at lines 13--14
\JY1/mc/m/n/10 と
 []


Overfull \hbox (9.62216pt too wide) in paragraph at lines 13--14
\JY1/mc/m/n/10 こ
 []


Overfull \hbox (9.62216pt too wide) in paragraph at lines 13--14
\JY1/mc/m/n/10 ろ
 []


Overfull \hbox (10.00003pt too wide) in paragraph at lines 13--14
\OT1/cmr/m/n/10 10
 []


Overfull \hbox (9.62216pt too wide) in paragraph at lines 13--14
\JY1/mc/m/n/10 周
 []


Overfull \hbox (9.62216pt too wide) in paragraph at lines 13--14
\JY1/mc/m/n/10 期
 []


Overfull \hbox (9.62216pt too wide) in paragraph at lines 13--14
\JY1/mc/m/n/10 多
 []


Overfull \hbox (9.62216pt too wide) in paragraph at lines 13--14
\JY1/mc/m/n/10 重
 []


Overfull \hbox (9.62216pt too wide) in paragraph at lines 13--14
\JY1/mc/m/n/10 量
 []


Overfull \hbox (9.62216pt too wide) in paragraph at lines 13--14
\JY1/mc/m/n/10 子
 []


Overfull \hbox (9.62216pt too wide) in paragraph at lines 13--14
\JY1/mc/m/n/10 井
 []


Overfull \hbox (9.62216pt too wide) in paragraph at lines 13--14
\JY1/mc/m/n/10 戸
 []


Overfull \hbox (18.74432pt too wide) in paragraph at lines 13--14
\JY1/mc/m/n/10 レ ー
 []


Overfull \hbox (18.74432pt too wide) in paragraph at lines 13--14
\JY1/mc/m/n/10 ザ ー
 []


Overfull \hbox (9.62216pt too wide) in paragraph at lines 13--14
\JY1/mc/m/n/10 で
 []


Overfull \hbox (9.62216pt too wide) in paragraph at lines 13--14
\JY1/mc/m/n/10 は
 []


Overfull \hbox (9.62216pt too wide) in paragraph at lines 13--14
\JY1/mc/m/n/10 最
 []


Overfull \hbox (9.62216pt too wide) in paragraph at lines 13--14
\JY1/mc/m/n/10 短
 []


Overfull \hbox (9.62216pt too wide) in paragraph at lines 13--14
\JY1/mc/m/n/10 で
 []


Overfull \hbox (17.77783pt too wide) in paragraph at lines 13--14
\OT1/cmr/m/n/10 26.5
 []


Overfull \hbox (9.50002pt too wide) in paragraph at lines 13--14
\OT1/cmr/m/n/10 ps
 []


Overfull \hbox (9.62216pt too wide) in paragraph at lines 13--14
\JY1/mc/m/n/10 と
 []


Overfull \hbox (9.62216pt too wide) in paragraph at lines 13--14
\JY1/mc/m/n/10 い
 []


Overfull \hbox (9.62216pt too wide) in paragraph at lines 13--14
\JY1/mc/m/n/10 う
 []


Overfull \hbox (9.62216pt too wide) in paragraph at lines 13--14
\JY1/mc/m/n/10 パ
 []


Overfull \hbox (9.62216pt too wide) in paragraph at lines 13--14
\JY1/mc/m/n/10 ル
 []


Overfull \hbox (9.62216pt too wide) in paragraph at lines 13--14
\JY1/mc/m/n/10 ス
 []


Overfull \hbox (9.62216pt too wide) in paragraph at lines 13--14
\JY1/mc/m/n/10 幅
 []


Overfull \hbox (9.62216pt too wide) in paragraph at lines 13--14
\JY1/mc/m/n/10 を
 []


Overfull \hbox (9.62216pt too wide) in paragraph at lines 13--14
\JY1/mc/m/n/10 与
 []


Overfull \hbox (9.62216pt too wide) in paragraph at lines 13--14
\JY1/mc/m/n/10 え
 []


Overfull \hbox (14.1623pt too wide) in paragraph at lines 13--14
\JY1/mc/m/n/10 た 。 
 []


! LaTeX Error: \begin{document} ended by \end{abstract}.

See the LaTeX manual or LaTeX Companion for explanation.
Type  H <return>  for immediate help.
 ...                                              
                                                  
l.16 \end{abstract}
                   
Your command was ignored.
Type  I <command> <return>  to replace it with another command,
or  <return>  to continue without it.

)
! Emergency stop.
<*> abstract.tex
                
*** (job aborted, no legal \end found)

 
Here is how much of TeX's memory you used:
 8 strings out of 493648
 85 string characters out of 6148806
 69062 words of memory out of 5000000
 3697 multiletter control sequences out of 15000+600000
 7511 words of font info for 31 fonts, out of 8000000 for 9000
 929 hyphenation exceptions out of 8191
 16i,4n,10p,692b,111s stack positions out of 5000i,500n,10000p,200000b,80000s
Output written on abstract.dvi (1 page, 904 bytes).
