This is e-pTeX, Version 3.14159265-p3.7-160201-2.6 (utf8.sjis) (TeX Live 2016/W32TeX) (preloaded format=platex 2017.4.11)  20 DEC 2018 16:13
entering extended mode
 restricted \write18 enabled.
 %&-line parsing enabled.
**./introduction.tex
(./introduction.tex
pLaTeX2e <2016/11/29> (based on LaTeX2e <2017/01/01> patch level 3)
Babel <3.9r> and hyphenation patterns for 83 language(s) loaded.
! Undefined control sequence.
l.1 \chapter
            {序論}
? 
! Emergency stop.
l.1 \chapter
            {序論}
End of file on the terminal!

 
Here is how much of TeX's memory you used:
 4 strings out of 493683
 64 string characters out of 6152642
 53907 words of memory out of 5000000
 3671 multiletter control sequences out of 15000+600000
 7511 words of font info for 31 fonts, out of 8000000 for 9000
 929 hyphenation exceptions out of 8191
 5i,0n,3p,35b,8s stack positions out of 5000i,500n,10000p,200000b,80000s
No pages of output.
